
Showing logs for build [32mcb-kubecd-environment-pr-209-62-kmbtn-1[0m stage [32mfrom-build-pack[0m and container [32mstep-credential-initializer-klxkp[0m
{"level":"info","ts":1587847931.9490156,"logger":"fallback-logger","caller":"logging/config.go:69","msg":"Fetch GitHub commit ID from kodata failed: open /var/run/ko/refs/heads/0.8.0-ns-support: no such file or directory"}
{"level":"info","ts":1587847931.9496465,"logger":"fallback-logger","caller":"creds-init/main.go:40","msg":"Credentials initialized."}

Showing logs for build [32mcb-kubecd-environment-pr-209-62-kmbtn-1[0m stage [32mfrom-build-pack[0m and container [32mstep-working-dir-initializer-qjjmt[0m
{"level":"info","ts":1587847933.340232,"logger":"fallback-logger","caller":"logging/config.go:69","msg":"Fetch GitHub commit ID from kodata failed: open /var/run/ko/HEAD: no such file or directory"}
{"level":"info","ts":1587847933.341691,"logger":"fallback-logger","caller":"bash/main.go:64","msg":"Successfully executed command \"sh -c mkdir -p /workspace/source\"; output "}

Showing logs for build [32mcb-kubecd-environment-pr-209-62-kmbtn-1[0m stage [32mfrom-build-pack[0m and container [32mstep-place-tools[0m

Showing logs for build [32mcb-kubecd-environment-pr-209-62-kmbtn-1[0m stage [32mfrom-build-pack[0m and container [32mstep-git-source-cb-kubecd-environment-pr-209-62-kmbtn-s6fvf[0m
{"level":"info","ts":1587847937.4317844,"logger":"fallback-logger","caller":"logging/config.go:69","msg":"Fetch GitHub commit ID from kodata failed: open /var/run/ko/refs/heads/0.8.0-ns-support: no such file or directory"}
{"level":"info","ts":1587847938.4619472,"logger":"fallback-logger","caller":"git/git.go:103","msg":"Successfully cloned https://github.com/cb-kubecd/environment-pr-209-62-boot-vault-gke-production.git @ master in path /workspace/source"}

Showing logs for build [32mcb-kubecd-environment-pr-209-62-kmbtn-1[0m stage [32mfrom-build-pack[0m and container [32mstep-git-merge[0m
Using SHAs from PULL_REFS=master:1aaa009c1c286eeac79ea65d7eb449cf708a5f94,1:f7f2947a3dfa2e24489d777b0f16460afe18acf1
DEBUG: LC_ALL=C JX_LOG_LEVEL=error git fetch origin --unshallow f7f2947a3dfa2e24489d777b0f16460afe18acf1: 1aaa009c1c286eeac79ea65d7eb449cf708a5f94:
DEBUG: ran git fetch --unshallow origin f7f2947a3dfa2e24489d777b0f16460afe18acf1: 1aaa009c1c286eeac79ea65d7eb449cf708a5f94: in 
DEBUG: LC_ALL=C JX_LOG_LEVEL=error git branch
DEBUG: JX_LOG_LEVEL=error LC_ALL=C git checkout master
DEBUG: ran git checkout master in 
DEBUG: LC_ALL=C JX_LOG_LEVEL=error git reset --hard 1aaa009c1c286eeac79ea65d7eb449cf708a5f94
DEBUG: ran git reset --hard 1aaa009c1c286eeac79ea65d7eb449cf708a5f94 in 
DEBUG: LC_ALL=C JX_LOG_LEVEL=error git clean -fd .
DEBUG: ran clean --force -d . in 
DEBUG: JX_LOG_LEVEL=error LC_ALL=C git merge f7f2947a3dfa2e24489d777b0f16460afe18acf1
DEBUG: ran git merge f7f2947a3dfa2e24489d777b0f16460afe18acf1 in 
DEBUG: JX_LOG_LEVEL=error LC_ALL=C git log --format=%H%x1f%an%x1f%ae%x1f%cn%x1f%ce%x1f%s%n%b%x1e 1aaa009c1c286eeac79ea65d7eb449cf708a5f94..HEAD
Merged SHA f7f2947a3dfa2e24489d777b0f16460afe18acf1 with commit message 'chore: Promote bdd-spring-1587846736 to version 0.0.1' into base branch master

Showing logs for build [32mcb-kubecd-environment-pr-209-62-kmbtn-1[0m stage [32mfrom-build-pack[0m and container [32mstep-build-helm-build[0m
WARNING: No $CHART_REPOSITORY defined so using the default value of: http://jenkins-x-chartmuseum:8080
Adding missing Helm repo: storage.googleapis.com https://storage.googleapis.com/chartmuseum.jenkins-x.io
WARNING: No secrets found on "helm/repos" due: reading the secret "helm/repos" from vault: no secret "helm/repos" not found in vault
Read credentials for https://storage.googleapis.com/chartmuseum.jenkins-x.io from vault helm/repos
Successfully added Helm repository storage.googleapis.com.
Adding missing Helm repo: jenkins-x-chartmuseum http://jenkins-x-chartmuseum:8080
WARNING: No secrets found on "helm/repos" due: reading the secret "helm/repos" from vault: no secret "helm/repos" not found in vault
Read credentials for http://jenkins-x-chartmuseum:8080 from vault helm/repos
Successfully added Helm repository jenkins-x-chartmuseum.
WARNING: No $CHART_REPOSITORY defined so using the default value of: http://jenkins-x-chartmuseum:8080
Adding missing Helm repo: chartmuseum.jenkins-x.io http://chartmuseum.jenkins-x.io
WARNING: No secrets found on "helm/repos" due: reading the secret "helm/repos" from vault: no secret "helm/repos" not found in vault
Read credentials for http://chartmuseum.jenkins-x.io from vault helm/repos
Successfully added Helm repository chartmuseum.jenkins-x.io.
